<?xml version="1.0" encoding="UTF-8"?>
<!-- Generated by org.testng.reporters.JUnitReportReporter -->
<testsuite hostname="surjit-PC" name="MoovWebSupportLink.AllLinksPresent" tests="1" failures="0" timestamp="1 Mar 2016 02:28:38 GMT" time="16.709" errors="0">
  <testcase name="main" time="16.709" classname="MoovWebSupportLink.AllLinksPresent"/>
</testsuite> <!-- MoovWebSupportLink.AllLinksPresent -->
